# JRE version: Java(TM) SE Runtime Environment (24.0+36) (build 24+36-3646)
# Java VM: Java HotSpot(TM) 64-Bit Server VM (24+36-3646, mixed mode, emulated-client, sharing, tiered, compressed oops, compressed class ptrs, g1 gc, windows-amd64)
GC Precious Log:
 CardTable entry size: 512
 Card Set container configuration: InlinePtr #cards 5 size 8 Array Of Cards #cards 10 size 36 Howl #buckets 4 coarsen threshold 1843 Howl Bitmap #cards 512 size 80 coarsen threshold 460 Card regions per heap region 1 cards per card region 2048
 CPUs: 4 total, 4 available
 Memory: 8097M
 Large Page Support: Disabled
 NUMA Support: Disabled
 Compressed Oops: Enabled (32-bit)
 Heap Region Size: 1M
 Heap Min Capacity: 8M
 Heap Initial Capacity: 128M
 Heap Max Capacity: 2026M
 Pre-touch: Disabled
 Parallel Workers: 4
 Concurrent Workers: 1
 Concurrent Refinement Workers: 4
 Periodic GC: Disabled
Heap:
 garbage-first heap   total reserved 2074624K, committed 58368K, used 35839K [0x0000000081600000, 0x0000000100000000)
  region size 1024K, 6 young (6144K), 2 survivors (2048K)
 Metaspace       used 72157K, committed 72704K, reserved 1114112K
  class space    used 8386K, committed 8640K, reserved 1048576K
GC Heap History (20 events):
Event: 20.530 GC heap before
{Heap before GC invocations=12 (full 0):
 garbage-first heap   total reserved 2074624K, committed 55296K, used 46726K [0x0000000081600000, 0x0000000100000000)
  region size 1024K, 24 young (24576K), 3 survivors (3072K)
 Metaspace       used 58389K, committed 58880K, reserved 1114112K
  class space    used 6411K, committed 6592K, reserved 1048576K
}
Event: 20.536 GC heap after
{Heap after GC invocations=13 (full 0):
 garbage-first heap   total reserved 2074624K, committed 55296K, used 27258K [0x0000000081600000, 0x0000000100000000)
  region size 1024K, 2 young (2048K), 2 survivors (2048K)
 Metaspace       used 58389K, committed 58880K, reserved 1114112K
  class space    used 6411K, committed 6592K, reserved 1048576K
}
Event: 20.970 GC heap before
{Heap before GC invocations=13 (full 0):
 garbage-first heap   total reserved 2074624K, committed 55296K, used 36474K [0x0000000081600000, 0x0000000100000000)
  region size 1024K, 12 young (12288K), 2 survivors (2048K)
 Metaspace       used 59881K, committed 60416K, reserved 1114112K
  class space    used 6689K, committed 6912K, reserved 1048576K
}
Event: 20.975 GC heap after
{Heap after GC invocations=14 (full 0):
 garbage-first heap   total reserved 2074624K, committed 55296K, used 27672K [0x0000000081600000, 0x0000000100000000)
  region size 1024K, 2 young (2048K), 2 survivors (2048K)
 Metaspace       used 59881K, committed 60416K, reserved 1114112K
  class space    used 6689K, committed 6912K, reserved 1048576K
}
Event: 21.800 GC heap before
{Heap before GC invocations=15 (full 0):
 garbage-first heap   total reserved 2074624K, committed 55296K, used 47128K [0x0000000081600000, 0x0000000100000000)
  region size 1024K, 22 young (22528K), 2 survivors (2048K)
 Metaspace       used 62411K, committed 62976K, reserved 1114112K
  class space    used 7183K, committed 7424K, reserved 1048576K
}
Event: 21.808 GC heap after
{Heap after GC invocations=16 (full 0):
 garbage-first heap   total reserved 2074624K, committed 55296K, used 29380K [0x0000000081600000, 0x0000000100000000)
  region size 1024K, 3 young (3072K), 3 survivors (3072K)
 Metaspace       used 62411K, committed 62976K, reserved 1114112K
  class space    used 7183K, committed 7424K, reserved 1048576K
}
Event: 22.527 GC heap before
{Heap before GC invocations=16 (full 0):
 garbage-first heap   total reserved 2074624K, committed 55296K, used 45764K [0x0000000081600000, 0x0000000100000000)
  region size 1024K, 20 young (20480K), 3 survivors (3072K)
 Metaspace       used 64212K, committed 64768K, reserved 1114112K
  class space    used 7444K, committed 7680K, reserved 1048576K
}
Event: 22.537 GC heap after
{Heap after GC invocations=17 (full 0):
 garbage-first heap   total reserved 2074624K, committed 55296K, used 30537K [0x0000000081600000, 0x0000000100000000)
  region size 1024K, 2 young (2048K), 2 survivors (2048K)
 Metaspace       used 64212K, committed 64768K, reserved 1114112K
  class space    used 7444K, committed 7680K, reserved 1048576K
}
Event: 23.393 GC heap before
{Heap before GC invocations=17 (full 0):
 garbage-first heap   total reserved 2074624K, committed 55296K, used 47945K [0x0000000081600000, 0x0000000100000000)
  region size 1024K, 19 young (19456K), 2 survivors (2048K)
 Metaspace       used 65803K, committed 66496K, reserved 1114112K
  class space    used 7646K, committed 7936K, reserved 1048576K
}
Event: 23.399 GC heap after
{Heap after GC invocations=18 (full 0):
 garbage-first heap   total reserved 2074624K, committed 55296K, used 32313K [0x0000000081600000, 0x0000000100000000)
  region size 1024K, 3 young (3072K), 3 survivors (3072K)
 Metaspace       used 65803K, committed 66496K, reserved 1114112K
  class space    used 7646K, committed 7936K, reserved 1048576K
}
Event: 41.423 GC heap before
{Heap before GC invocations=19 (full 0):
 garbage-first heap   total reserved 2074624K, committed 55296K, used 46649K [0x0000000081600000, 0x0000000100000000)
  region size 1024K, 18 young (18432K), 3 survivors (3072K)
 Metaspace       used 69217K, committed 69760K, reserved 1114112K
  class space    used 8037K, committed 8256K, reserved 1048576K
}
Event: 41.430 GC heap after
{Heap after GC invocations=20 (full 0):
 garbage-first heap   total reserved 2074624K, committed 55296K, used 33481K [0x0000000081600000, 0x0000000100000000)
  region size 1024K, 2 young (2048K), 2 survivors (2048K)
 Metaspace       used 69217K, committed 69760K, reserved 1114112K
  class space    used 8037K, committed 8256K, reserved 1048576K
}
Event: 162.564 GC heap before
{Heap before GC invocations=20 (full 0):
 garbage-first heap   total reserved 2074624K, committed 55296K, used 46793K [0x0000000081600000, 0x0000000100000000)
  region size 1024K, 16 young (16384K), 2 survivors (2048K)
 Metaspace       used 71221K, committed 71808K, reserved 1114112K
  class space    used 8270K, committed 8512K, reserved 1048576K
}
Event: 162.569 GC heap after
{Heap after GC invocations=21 (full 0):
 garbage-first heap   total reserved 2074624K, committed 55296K, used 33509K [0x0000000081600000, 0x0000000100000000)
  region size 1024K, 2 young (2048K), 2 survivors (2048K)
 Metaspace       used 71221K, committed 71808K, reserved 1114112K
  class space    used 8270K, committed 8512K, reserved 1048576K
}
Event: 457.771 GC heap before
{Heap before GC invocations=21 (full 0):
 garbage-first heap   total reserved 2074624K, committed 55296K, used 47845K [0x0000000081600000, 0x0000000100000000)
  region size 1024K, 16 young (16384K), 2 survivors (2048K)
 Metaspace       used 71221K, committed 71808K, reserved 1114112K
  class space    used 8270K, committed 8512K, reserved 1048576K
}
Event: 457.776 GC heap after
{Heap after GC invocations=22 (full 0):
 garbage-first heap   total reserved 2074624K, committed 55296K, used 33614K [0x0000000081600000, 0x0000000100000000)
  region size 1024K, 1 young (1024K), 1 survivors (1024K)
 Metaspace       used 71221K, committed 71808K, reserved 1114112K
  class space    used 8270K, committed 8512K, reserved 1048576K
}
Event: 677.594 GC heap before
{Heap before GC invocations=23 (full 0):
 garbage-first heap   total reserved 2074624K, committed 58368K, used 47950K [0x0000000081600000, 0x0000000100000000)
  region size 1024K, 16 young (16384K), 1 survivors (1024K)
 Metaspace       used 71170K, committed 71808K, reserved 1114112K
  class space    used 8250K, committed 8512K, reserved 1048576K
}
Event: 677.600 GC heap after
{Heap after GC invocations=24 (full 0):
 garbage-first heap   total reserved 2074624K, committed 58368K, used 34105K [0x0000000081600000, 0x0000000100000000)
  region size 1024K, 2 young (2048K), 2 survivors (2048K)
 Metaspace       used 71170K, committed 71808K, reserved 1114112K
  class space    used 8250K, committed 8512K, reserved 1048576K
}
Event: 800.685 GC heap before
{Heap before GC invocations=24 (full 0):
 garbage-first heap   total reserved 2074624K, committed 58368K, used 50489K [0x0000000081600000, 0x0000000100000000)
  region size 1024K, 18 young (18432K), 2 survivors (2048K)
 Metaspace       used 72113K, committed 72704K, reserved 1114112K
  class space    used 8380K, committed 8640K, reserved 1048576K
}
Event: 800.703 GC heap after
{Heap after GC invocations=25 (full 0):
 garbage-first heap   total reserved 2074624K, committed 58368K, used 32767K [0x0000000081600000, 0x0000000100000000)
  region size 1024K, 2 young (2048K), 2 survivors (2048K)
 Metaspace       used 72113K, committed 72704K, reserved 1114112K
  class space    used 8380K, committed 8640K, reserved 1048576K
}

